[2025-08-04 09:52:17] Transaction failed: Unknown column 'office' in 'field list'
[2025-08-04 09:53:39] Retrieved items from items_requested: [{"item_id":711,"item_name":"TESTING","quantity":1,"office":"ASSET"}]
[2025-08-04 09:53:39] Transaction failed: Unknown column 'office' in 'field list'
[2025-08-04 09:54:28] Retrieved items from items_requested: [{"item_id":711,"item_name":"TESTING","quantity":1,"office":"ASSET"}]
[2025-08-04 09:54:28] Transaction failed: Column 'item_no' cannot be null
[2025-08-04 09:55:23] Retrieved items from items_requested: [{"item_id":711,"item_name":"TESTING","quantity":1,"office":"ASSET"}]
[2025-08-04 09:55:24] Transaction failed: Column 'item_no' cannot be null
[2025-08-04 09:55:40] Retrieved items from items_requested: [{"item_id":711,"item_name":"TESTING","quantity":1,"office":"ASSET"}]
[2025-08-04 09:55:40] Transaction failed: Column 'item_no' cannot be null
[2025-08-04 09:59:23] Retrieved items from items_requested: [{"item_id":711,"item_name":"TESTING","quantity":1,"office":"ASSET"}]
[2025-08-07 05:04:00] Fatal Error: The number of elements in the type definition string must match the number of bind variables
[03-Sep-2025 01:52:23 UTC] PHP Warning:  Undefined array key "approvedQuantity" in C:\laragon\www\gso_test\LogiSys\process_all_items.php on line 150
[03-Sep-2025 01:52:23 UTC] PHP Warning:  Undefined array key "approvedQuantity" in C:\laragon\www\gso_test\LogiSys\process_all_items.php on line 150
[08-Sep-2025 07:57:37 UTC] PHP Warning:  Undefined array key "approvedQuantity" in C:\laragon\www\gso_test\LogiSys\process_all_items.php on line 150
[08-Sep-2025 08:00:33 UTC] PHP Warning:  Undefined array key "approvedQuantity" in C:\laragon\www\gso_test\LogiSys\process_all_items.php on line 150
[08-Sep-2025 08:06:04 UTC] PHP Warning:  Undefined array key "approvedQuantity" in C:\laragon\www\gso_test\LogiSys\process_all_items.php on line 150
[08-Sep-2025 08:09:39 UTC] PHP Warning:  Undefined array key "approvedQuantity" in C:\laragon\www\gso_test\LogiSys\process_all_items.php on line 150
[08-Sep-2025 08:12:54 UTC] PHP Warning:  Undefined array key "approvedQuantity" in C:\laragon\www\gso_test\LogiSys\process_all_items.php on line 150
[08-Sep-2025 08:13:19 UTC] PHP Warning:  Undefined array key "approvedQuantity" in C:\laragon\www\gso_test\LogiSys\process_all_items.php on line 150
[08-Sep-2025 08:13:44 UTC] PHP Warning:  Undefined array key "approvedQuantity" in C:\laragon\www\gso_test\LogiSys\process_all_items.php on line 150
[08-Sep-2025 08:14:30 UTC] PHP Warning:  Undefined array key "approvedQuantity" in C:\laragon\www\gso_test\LogiSys\process_all_items.php on line 150
[08-Sep-2025 08:17:01 UTC] PHP Warning:  Undefined array key "approvedQuantity" in C:\laragon\www\gso_test\LogiSys\process_all_items.php on line 150
[08-Sep-2025 08:23:33 UTC] PHP Warning:  Undefined array key "approvedQuantity" in C:\laragon\www\gso_test\LogiSys\process_all_items.php on line 150
[08-Sep-2025 08:26:17 UTC] PHP Warning:  Undefined array key "approvedQuantity" in C:\laragon\www\gso_test\LogiSys\process_all_items.php on line 150
[24-Oct-2025 01:36:53 UTC] PHP Warning:  Undefined array key "approvedQuantity" in C:\laragon\www\gso_test\LogiSys\process_all_items.php on line 150
[24-Oct-2025 01:37:13 UTC] PHP Warning:  Undefined array key "approvedQuantity" in C:\laragon\www\gso_test\LogiSys\process_all_items.php on line 150
[24-Oct-2025 01:40:27 UTC] PHP Warning:  Undefined array key "approvedQuantity" in C:\laragon\www\gso_test\LogiSys\process_all_items.php on line 150
[24-Oct-2025 01:40:27 UTC] PHP Warning:  Undefined array key "approvedQuantity" in C:\laragon\www\gso_test\LogiSys\process_all_items.php on line 150
[2025-12-10 01:16:57] Bulk process failed: Insufficient stock for item Bondpaper, Long subs.20  (26). Available: 2, Requested: 10
[2025-12-10 01:23:28] Bulk process failed: Item not found in inventory: 
[2025-12-10 02:07:38] Bulk process failed: Insufficient stock for item Correction tape 5mm 8meters (74). Available: 0, Requested: 2
[2025-12-10 02:09:52] Bulk process failed: Insufficient stock for item Staple wire # 35 (271). Available: 0, Requested: 1
[2025-12-10 02:10:04] Bulk process failed: Insufficient stock for item Staple wire # 35 (271). Available: 0, Requested: 1
[2025-12-10 02:11:55] Bulk process failed: Insufficient stock for item Staple wire # 35 (271). Available: 0, Requested: 1
[2025-12-10 02:12:55] Bulk process failed: Insufficient stock for item Staple wire # 35 (271). Available: 0, Requested: 1
[2025-12-10 02:17:13] Bulk process failed: Insufficient stock for item Cartolina Assorted Colors (37). Available: 0, Requested: 25
[05-Jan-2026 06:13:10 UTC] PHP Warning:  Undefined array key "approvedQuantity" in C:\laragon\www\gso_test\LogiSys\process_all_items.php on line 150
[04-Feb-2026 01:35:06 UTC] PHP Warning:  Undefined array key "approvedQuantity" in C:\laragon\www\gso_test\LogiSys\process_all_items.php on line 150
[04-Feb-2026 01:35:09 UTC] PHP Warning:  Undefined array key "approvedQuantity" in C:\laragon\www\gso_test\LogiSys\process_all_items.php on line 150
[04-Feb-2026 01:35:12 UTC] PHP Warning:  Undefined array key "approvedQuantity" in C:\laragon\www\gso_test\LogiSys\process_all_items.php on line 150
